<?xml version="1.0" encoding="UTF-8"?>
<!-- Generated by org.testng.reporters.JUnitReportReporter -->
<testsuite hostname="DESKTOP-BPBTH50" failures="0" tests="6" name="codenbox.utilities.DataProviders" time="0.010" errors="0" timestamp="2025-07-30T07:13:31 EEST" skipped="0">
  <testcase classname="codenbox.utilities.DataProviders" name="Cells" time="0.001"/>
  <testcase classname="codenbox.utilities.DataProviders" name="Cells" time="0.000"/>
  <testcase classname="codenbox.utilities.DataProviders" name="Cells" time="0.007"/>
  <testcase classname="codenbox.utilities.DataProviders" name="Cells" time="0.001"/>
  <testcase classname="codenbox.utilities.DataProviders" name="Cells" time="0.001"/>
  <testcase classname="codenbox.utilities.DataProviders" name="Cells" time="0.000"/>
</testsuite> <!-- codenbox.utilities.DataProviders -->
