<?xml version="1.0" encoding="UTF-8"?>
<!-- Generated by org.testng.reporters.JUnitReportReporter -->
<testsuite hostname="DESKTOP-BPBTH50" failures="0" tests="1" name="codenbox.testCases.LoginDataDrivenTest" time="100.431" errors="0" timestamp="2025-07-29T18:13:37 EEST" skipped="0">
  <testcase classname="codenbox.testCases.LoginDataDrivenTest" name="verify_loginDDT" time="100.431"/>
</testsuite> <!-- codenbox.testCases.LoginDataDrivenTest -->
