<?xml version="1.0" encoding="UTF-8"?>
<!-- Generated by org.testng.reporters.JUnitReportReporter -->
<testsuite hostname="DESKTOP-BPBTH50" failures="0" tests="6" name="codenbox.testCases.LoginDataDrivenTest_2" time="45.300" errors="0" timestamp="2025-08-26T14:31:39 EEST" skipped="0">
  <testcase classname="codenbox.testCases.LoginDataDrivenTest_2" name="verify_loginDDT_2" time="8.059"/>
  <testcase classname="codenbox.testCases.LoginDataDrivenTest_2" name="verify_loginDDT_2" time="8.056"/>
  <testcase classname="codenbox.testCases.LoginDataDrivenTest_2" name="verify_loginDDT_2" time="8.021"/>
  <testcase classname="codenbox.testCases.LoginDataDrivenTest_2" name="verify_loginDDT_2" time="4.911"/>
  <testcase classname="codenbox.testCases.LoginDataDrivenTest_2" name="verify_loginDDT_2" time="8.135"/>
  <testcase classname="codenbox.testCases.LoginDataDrivenTest_2" name="verify_loginDDT_2" time="8.118"/>
</testsuite> <!-- codenbox.testCases.LoginDataDrivenTest_2 -->
