<?xml version="1.0" encoding="UTF-8"?>
<!-- Generated by org.testng.reporters.JUnitReportReporter -->
<testsuite hostname="DESKTOP-BPBTH50" failures="0" tests="6" name="codenbox.testCases.LoginDataDrivenTest_2" time="47.919" errors="0" timestamp="2025-08-04T16:56:55 EEST" skipped="0">
  <testcase classname="codenbox.testCases.LoginDataDrivenTest_2" name="verify_loginDDT_2" time="8.537"/>
  <testcase classname="codenbox.testCases.LoginDataDrivenTest_2" name="verify_loginDDT_2" time="8.862"/>
  <testcase classname="codenbox.testCases.LoginDataDrivenTest_2" name="verify_loginDDT_2" time="9.314"/>
  <testcase classname="codenbox.testCases.LoginDataDrivenTest_2" name="verify_loginDDT_2" time="8.280"/>
  <testcase classname="codenbox.testCases.LoginDataDrivenTest_2" name="verify_loginDDT_2" time="4.550"/>
  <testcase classname="codenbox.testCases.LoginDataDrivenTest_2" name="verify_loginDDT_2" time="8.376"/>
</testsuite> <!-- codenbox.testCases.LoginDataDrivenTest_2 -->
