<?xml version="1.0" encoding="UTF-8"?>
<!-- Generated by org.testng.reporters.JUnitReportReporter -->
<testsuite hostname="DESKTOP-BPBTH50" failures="0" tests="1" name="codenbox.testCases.RegistrationTest" time="4.934" errors="0" timestamp="2025-08-04T16:58:20 EEST" skipped="0">
  <testcase classname="codenbox.testCases.RegistrationTest" name="verify_refistration" time="4.934"/>
</testsuite> <!-- codenbox.testCases.RegistrationTest -->
