<?xml version="1.0" encoding="UTF-8"?>
<!-- Generated by org.testng.reporters.JUnitReportReporter -->
<testsuite hostname="DESKTOP-BPBTH50" failures="0" tests="1" name="codenbox.testCases.LoginTest" time="4.516" errors="0" timestamp="2025-08-14T14:54:02 EEST" skipped="0">
  <testcase classname="codenbox.testCases.LoginTest" name="verify_login" time="4.516"/>
</testsuite> <!-- codenbox.testCases.LoginTest -->
